\BOOKMARK [0][-]{chapter*.2}{Introduction}{}% 1
\BOOKMARK [0][-]{chapter.1}{User\040documentation}{}% 2
\BOOKMARK [1][-]{section.1.1}{Installation}{chapter.1}% 3
\BOOKMARK [2][-]{subsection.1.1.1}{Running\040the\040unit\040tests}{section.1.1}% 4
\BOOKMARK [1][-]{section.1.2}{\376\377\000l\000s\000q\000l\000-\000c\000s\000v\040\024\000q\000u\000i\000c\000k\000\040\000i\000n\000t\000r\000o\000d\000u\000c\000t\000i\000o\000n}{chapter.1}% 5
\BOOKMARK [2][-]{subsection.1.2.1}{Examples}{section.1.2}% 6
\BOOKMARK [1][-]{section.1.3}{Usage}{chapter.1}% 7
\BOOKMARK [2][-]{subsection.1.3.1}{Options}{section.1.3}% 8
\BOOKMARK [2][-]{subsection.1.3.2}{Datatypes}{section.1.3}% 9
\BOOKMARK [2][-]{subsection.1.3.3}{Joins}{section.1.3}% 10
\BOOKMARK [2][-]{subsection.1.3.4}{Documentation\040of\040language}{section.1.3}% 11
\BOOKMARK [0][-]{chapter.2}{Developer\040documentation}{}% 12
\BOOKMARK [1][-]{section.2.1}{Project\040building\040and\040testing}{chapter.2}% 13
\BOOKMARK [1][-]{section.2.2}{String\040vs\040Data.Text}{chapter.2}% 14
\BOOKMARK [1][-]{section.2.3}{Project\040layout}{chapter.2}% 15
\BOOKMARK [1][-]{section.2.4}{Modules}{chapter.2}% 16
\BOOKMARK [1][-]{section.2.5}{Entry\040point}{chapter.2}% 17
\BOOKMARK [0][-]{chapter.3}{Analysis}{}% 18
\BOOKMARK [1][-]{section.3.1}{Why\040SQL\040in\040the\040first\040place?}{chapter.3}% 19
\BOOKMARK [1][-]{section.3.2}{Why\040not\040implement\040just\040another\040SQL\040for\040CSV\040files?}{chapter.3}% 20
\BOOKMARK [1][-]{section.3.3}{Why\040number\040references?}{chapter.3}% 21
\BOOKMARK [1][-]{section.3.4}{Why\040rename\040standard\040keywords?}{chapter.3}% 22
\BOOKMARK [1][-]{section.3.5}{Why\040some\040features\040like\040descending\040sort\040are\040missing?}{chapter.3}% 23
\BOOKMARK [1][-]{section.3.6}{Why\040blocks\040are\040delimited\040by\040commas?}{chapter.3}% 24
\BOOKMARK [1][-]{section.3.7}{Why\040there\040are\040two\040types\040of\040expression?}{chapter.3}% 25
\BOOKMARK [1][-]{section.3.8}{Why\040there\040is\040support\040only\040for\040cross\040join\040and\040not\040other\040types\040of\040join?}{chapter.3}% 26
\BOOKMARK [1][-]{section.3.9}{Why\040there\040is\040no\040package\040used\040for\040CSV\040parsing\040and\040generating?}{chapter.3}% 27
\BOOKMARK [1][-]{section.3.10}{Why\040String\040is\040used\040as\040primary\040text\040representation?}{chapter.3}% 28
\BOOKMARK [1][-]{section.3.11}{Why\040joins\040have\040O\(nm\)\040complexity?}{chapter.3}% 29
\BOOKMARK [1][-]{section.3.12}{Why\040are\040all\040operators\040right-to-left\040associative?}{chapter.3}% 30
\BOOKMARK [0][-]{chapter.4}{Alternative\040Solutions}{}% 31
\BOOKMARK [1][-]{section.4.1}{Using\040SQL\040database}{chapter.4}% 32
\BOOKMARK [1][-]{section.4.2}{Using\040standard\040Unix\040tools}{chapter.4}% 33
\BOOKMARK [1][-]{section.4.3}{By\040using\040SQL\040implementation\040for\040CSV\040files}{chapter.4}% 34
\BOOKMARK [1][-]{section.4.4}{By\040using\040general-purpose\040programming\040language}{chapter.4}% 35
\BOOKMARK [0][-]{chapter*.25}{Conclusion}{}% 36
\BOOKMARK [0][-]{chapter*.26}{Bibliography}{}% 37
